<?xml version="1.0" encoding="UTF-8"?>
<testng-results ignored="23" total="24" passed="1" failed="0" skipped="0">
  <reporter-output>
  </reporter-output>
  <suite started-at="2024-10-03T12:12:19 IST" name="Default suite" finished-at="2024-10-03T12:12:26 IST" duration-ms="7226">
    <groups>
    </groups>
    <test started-at="2024-10-03T12:12:19 IST" name="Default test" finished-at="2024-10-03T12:12:26 IST" duration-ms="7226">
      <class name="APITestCase.ManageLead">
        <test-method is-config="true" signature="setup()[pri:0, instance:APITestCase.ManageLead@4d5d943d]" started-at="2024-10-03T12:12:19 IST" name="setup" finished-at="2024-10-03T12:12:22 IST" duration-ms="2831" status="PASS">
          <reporter-output>
          </reporter-output>
        </test-method> <!-- setup -->
        <test-method signature="addUserAndVerifyInGetAllLeads()[pri:0, instance:APITestCase.ManageLead@4d5d943d]" started-at="2024-10-03T12:12:22 IST" name="addUserAndVerifyInGetAllLeads" finished-at="2024-10-03T12:12:26 IST" duration-ms="4353" status="PASS">
          <reporter-output>
          </reporter-output>
        </test-method> <!-- addUserAndVerifyInGetAllLeads -->
        <test-method is-config="true" signature="close()[pri:0, instance:APITestCase.ManageLead@4d5d943d]" started-at="2024-10-03T12:12:26 IST" name="close" finished-at="2024-10-03T12:12:26 IST" duration-ms="1" status="PASS">
          <reporter-output>
          </reporter-output>
        </test-method> <!-- close -->
      </class> <!-- APITestCase.ManageLead -->
    </test> <!-- Default test -->
  </suite> <!-- Default suite -->
</testng-results>
