<?xml version="1.0" encoding="UTF-8"?>
<testsuite xmlns:xsi="http://www.w3.org/2001/XMLSchema-instance" xsi:noNamespaceSchemaLocation="https://maven.apache.org/surefire/maven-surefire-plugin/xsd/surefire-test-report.xsd" name="TestSuite" time="65.732" tests="131" errors="0" skipped="2" failures="2">
  <properties>
[...]
</properties>
  <testcase name="OtpVerification" classname="APITestCase.Login" time="0.224"/>
  <testcase name="ResetPassword" classname="APITestCase.Login" time="0.143"/>
  <testcase name="LoginWithOtp" classname="APITestCase.Login" time="0.799"/>
  <testcase name="LoginWithPassword" classname="APITestCase.Login" time="0.365"/>
  <testcase name="Logout" classname="APITestCase.Login" time="0.145"/>
  <testcase name="UserProfile" classname="APITestCase.Login" time="0.214"/>
  <testcase name="TestResetPassword" classname="APITestCase.Login" time="0.215"/>
  <testcase name="AddUser" classname="APITestCase.ManageUser" time="0.554"/>
  <testcase name="ExportUser" classname="APITestCase.ManageUser" time="0.707"/>
  <testcase name="GetBranches" classname="APITestCase.ManageUser" time="0.135"/>
  <testcase name="GetUser" classname="APITestCase.ManageUser" time="0.623"/>
  <testcase name="GetVendorCompany" classname="APITestCase.ManageUser" time="0.197"/>
  <testcase name="ResendPassword" classname="APITestCase.ManageUser" time="0.726"/>
  <testcase name="ResetPassword" classname="APITestCase.ManageUser" time="0.249"/>
  <testcase name="RoleList" classname="APITestCase.ManageUser" time="1.2"/>
  <testcase name="UpdateUser" classname="APITestCase.ManageUser" time="0.301"/>
  <testcase name="UpdateUserStatus" classname="APITestCase.ManageUser" time="0.165"/>
  <testcase name="UploadUserProfileImage" classname="APITestCase.ManageUser" time="0.312"/>
  <testcase name="UsersCount" classname="APITestCase.ManageUser" time="0.619"/>
  <testcase name="AddLead" classname="APITestCase.ManageLead" time="0.492">
    <failure message="Cannot invoke &quot;java.lang.Integer.intValue()&quot; because the return value of &quot;io.restassured.path.json.JsonPath.get(String)&quot; is null" type="java.lang.NullPointerException">java.lang.NullPointerException: Cannot invoke "java.lang.Integer.intValue()" because the return value of "io.restassured.path.json.JsonPath.get(String)" is null
	at APITestCase.ManageLead.AddLead(ManageLead.java:101)
</failure>
    <system-out><![CDATA[Response of Login with Password : {"status":200,"message":"Login successfully","data":{"token":"eyJhbGciOiJIUzI1NiIsInR5cCI6IkpXVCJ9.eyJ1c2VySWQiOjEsImZpcnN0TmFtZSI6IkV2ZXJldHRlIiwibGFzdE5hbWUiOiJIZWlkZW5yZWljaCIsImVtYWlsIjoiZGFuYS5zaXBlc0B5YWhvby5jb20iLCJwaG9uZU51bWJlciI6OTk5OTk5OTk5OSwicm9sZU5hbWUiOiJTeXN0ZW0gQWRtaW4iLCJyb2xlSWQiOjcsImlzVmVyaWZpZWQiOnRydWUsInVzZXJTdGF0dXMiOiJhY3RpdmUiLCJpYXQiOjE3Mjc5MzY0NzcuODE0LCJleHAiOjE3MjgwMjI4Nzd9.5YDqE0K27NK_R9IYt4WP-kA3vskjWuvaa_rBrUQoNRc","refreshToken":"eyJhbGciOiJIUzI1NiIsInR5cCI6IkpXVCJ9.eyJ1c2VySWQiOjEsImZpcnN0TmFtZSI6IkV2ZXJldHRlIiwibGFzdE5hbWUiOiJIZWlkZW5yZWljaCIsImVtYWlsIjoiZGFuYS5zaXBlc0B5YWhvby5jb20iLCJwaG9uZU51bWJlciI6OTk5OTk5OTk5OSwicm9sZU5hbWUiOiJTeXN0ZW0gQWRtaW4iLCJyb2xlSWQiOjcsImlzVmVyaWZpZWQiOnRydWUsInVzZXJTdGF0dXMiOiJhY3RpdmUiLCJpYXQiOjE3Mjc5MzY0NzcuODE2LCJleHAiOjE3MjgxOTU2Nzd9.9Nw_atW4dRNmbJzo_No5S0GcIjQWnzs2w-LPZZStgfA"}}
Response body of add lead : {"status":403,"message":"Pincode must be 6 digit"}
]]></system-out>
  </testcase>
  <testcase name="AddLeadActivity" classname="APITestCase.ManageLead" time="1.27"/>
  <testcase name="AddTaskForLead" classname="APITestCase.ManageLead" time="0.175"/>
  <testcase name="CheckLeadNumbers" classname="APITestCase.ManageLead" time="0.18"/>
  <testcase name="DeleteAttachment" classname="APITestCase.ManageLead" time="0.135"/>
  <testcase name="ExportLeads" classname="APITestCase.ManageLead" time="2.601"/>
  <testcase name="GetCity" classname="APITestCase.ManageLead" time="0.109"/>
  <testcase name="GetLeadActivity" classname="APITestCase.ManageLead" time="0.111"/>
  <testcase name="GetLeadDetails" classname="APITestCase.ManageLead" time="0.141"/>
  <testcase name="GetLeadHistory" classname="APITestCase.ManageLead" time="0.159"/>
  <testcase name="GetLeadOwner" classname="APITestCase.ManageLead" time="0.178"/>
  <testcase name="GetLeadStage" classname="APITestCase.ManageLead" time="0.124"/>
  <testcase name="GetLeadTask" classname="APITestCase.ManageLead" time="0.178"/>
  <testcase name="GetRequirement" classname="APITestCase.ManageLead" time="0.114"/>
  <testcase name="GetStates" classname="APITestCase.ManageLead" time="0.114"/>
  <testcase name="GetTaskByLeadId" classname="APITestCase.ManageLead" time="0.13"/>
  <testcase name="MarkLeadAsStar" classname="APITestCase.ManageLead" time="0.224"/>
  <testcase name="MarkTaskAsCompleted" classname="APITestCase.ManageLead" time="0.133"/>
  <testcase name="RescheduleTask" classname="APITestCase.ManageLead" time="0.336"/>
  <testcase name="UpdateLead" classname="APITestCase.ManageLead" time="1.309"/>
  <testcase name="UploadLeadAttachment" classname="APITestCase.ManageLead" time="0.345"/>
  <testcase name="addUserAndVerifyInGetAllLeads" classname="APITestCase.ManageLead" time="2.705"/>
  <testcase name="GetLeads" classname="APITestCase.ManageLead" time="0">
    <skipped message="Method APITestCase.ManageLead.GetLeads() on instance APITestCase.ManageLead@1af2d44a depends on not successfully finished methods &#10;[APITestCase.ManageLead.AddLead() on instance APITestCase.ManageLead@1af2d44a]"/>
  </testcase>
  <testcase name="UpdateLeadStage" classname="APITestCase.ManageLead" time="0">
    <skipped message="Method APITestCase.ManageLead.UpdateLeadStage() on instance APITestCase.ManageLead@1af2d44a depends on not successfully finished methods &#10;[APITestCase.ManageLead.AddLead() on instance APITestCase.ManageLead@1af2d44a]"/>
  </testcase>
  <testcase name="AddInventory" classname="APITestCase.ManageInventory" time="0.215"/>
  <testcase name="DeleteImage" classname="APITestCase.ManageInventory" time="0.129"/>
  <testcase name="GetProductDetails" classname="APITestCase.ManageInventory" time="0.122"/>
  <testcase name="UpdateProduct" classname="APITestCase.ManageInventory" time="0.128"/>
  <testcase name="AddProductImage" classname="APITestCase.ManageInventory" time="0.476"/>
  <testcase name="GetInventory" classname="APITestCase.ManageInventory" time="0.224"/>
  <testcase name="AddLead" classname="APITestCase.ManageQuotation" time="0.173"/>
  <testcase name="AddQuotation" classname="APITestCase.ManageQuotation" time="0.223"/>
  <testcase name="AddShippingAddress" classname="APITestCase.ManageQuotation" time="0.179"/>
  <testcase name="ConvertToOrder" classname="APITestCase.ManageQuotation" time="0.704"/>
  <testcase name="DeleteQuotation" classname="APITestCase.ManageQuotation" time="0.141"/>
  <testcase name="DownloadQuotation" classname="APITestCase.ManageQuotation" time="3.166"/>
  <testcase name="ExportQuotation" classname="APITestCase.ManageQuotation" time="0.265"/>
  <testcase name="GetQuotation" classname="APITestCase.ManageQuotation" time="0.168"/>
  <testcase name="QuotationDetail" classname="APITestCase.ManageQuotation" time="0.141"/>
  <testcase name="UpdateBillingAddress" classname="APITestCase.ManageQuotation" time="0.197"/>
  <testcase name="UpdateQuotation" classname="APITestCase.ManageQuotation" time="0.186"/>
  <testcase name="UpdateShippingAddress" classname="APITestCase.ManageQuotation" time="0.172"/>
  <testcase name="AddBillingAddress" classname="APITestCase.ManageQuotation" time="0.108"/>
  <testcase name="RecheckStock" classname="APITestCase.ManageQuotation" time="2.768"/>
  <testcase name="testChangePassword" classname="APITestCase.ManageProfile" time="0.193"/>
  <testcase name="testGetUserProfile" classname="APITestCase.ManageProfile" time="0.159"/>
  <testcase name="testRemoveProfileImage" classname="APITestCase.ManageProfile" time="0.147"/>
  <testcase name="testUploadProfileImage" classname="APITestCase.ManageProfile" time="0.243"/>
  <testcase name="testUpdateUserProfile" classname="APITestCase.ManageProfile" time="0.183"/>
  <testcase name="RoleList" classname="APITestCase.RolesAndPermissions" time="0.172"/>
  <testcase name="createRole" classname="APITestCase.RolesAndPermissions" time="0.169"/>
  <testcase name="deleteRole" classname="APITestCase.RolesAndPermissions" time="0.125"/>
  <testcase name="editRole" classname="APITestCase.RolesAndPermissions" time="0.178"/>
  <testcase name="getRoles" classname="APITestCase.RolesAndPermissions" time="0.13"/>
  <testcase name="editRoleName" classname="APITestCase.RolesAndPermissions" time="0.161"/>
  <testcase name="getRoleDetail" classname="APITestCase.RolesAndPermissions" time="0.146"/>
  <testcase name="ExportLeadConversionReport" classname="APITestCase.Dashboard" time="0.258"/>
  <testcase name="ExportLeadGenerationSources" classname="APITestCase.Dashboard" time="0.274"/>
  <testcase name="ExportLeadOverDueTask" classname="APITestCase.Dashboard" time="0.24"/>
  <testcase name="ExportNotYetConvertedQuotation" classname="APITestCase.Dashboard" time="0.238"/>
  <testcase name="ExportQuotationAnalytics" classname="APITestCase.Dashboard" time="0.256"/>
  <testcase name="ExportSalesExecutiveQuotationAnalytics" classname="APITestCase.Dashboard" time="0.248"/>
  <testcase name="ExportVendorPoorResponse" classname="APITestCase.Dashboard" time="0.265"/>
  <testcase name="ExportVendorQuickResponse" classname="APITestCase.Dashboard" time="0.251"/>
  <testcase name="ExportVendorStrikeRate" classname="APITestCase.Dashboard" time="0.354"/>
  <testcase name="GetDashboardData" classname="APITestCase.Dashboard" time="0.142"/>
  <testcase name="GetLeadAnalaytics" classname="APITestCase.Dashboard" time="0.14"/>
  <testcase name="GetOverDueTask" classname="APITestCase.Dashboard" time="0.127"/>
  <testcase name="GetQuotationAnalytics" classname="APITestCase.Dashboard" time="0.128"/>
  <testcase name="LeadConversionReport" classname="APITestCase.Dashboard" time="0.136"/>
  <testcase name="StockCheckAnalytics" classname="APITestCase.Dashboard" time="0.169"/>
  <testcase name="ExportInquiry" classname="APITestCase.ManageInquiry" time="0.276"/>
  <testcase name="GetVendorInquiry" classname="APITestCase.ManageInquiry" time="0.134"/>
  <testcase name="UpdateInquiryStatus" classname="APITestCase.ManageInquiry" time="0.251"/>
  <testcase name="ForgotPassword" classname="MSNagile.Login" time="4.925"/>
  <testcase name="Login" classname="MSNagile.Login" time="0.585"/>
  <testcase name="Logout" classname="MSNagile.Login" time="0.179"/>
  <testcase name="Registration" classname="MSNagile.Login" time="8.567"/>
  <testcase name="ResetPassword" classname="MSNagile.Login" time="0.141"/>
  <testcase name="EmailVerification" classname="MSNagile.Login" time="0.149"/>
  <testcase name="GetProfile" classname="MSNagile.Login" time="0.261"/>
  <testcase name="RefreshToken" classname="MSNagile.Login" time="0.165"/>
  <testcase name="Login" classname="MSNagile.ManageOrganization" time="0.29"/>
  <testcase name="GetOrgDetail" classname="MSNagile.ManageOrganization" time="0.233"/>
  <testcase name="GetTaxIdTypes" classname="MSNagile.ManageOrganization" time="0.16"/>
  <testcase name="UpdateOrg" classname="MSNagile.ManageOrganization" time="0.309"/>
  <testcase name="Login" classname="MSNagile.ManageSubscription" time="0.322"/>
  <testcase name="GetActivePlan" classname="MSNagile.ManageSubscription" time="0.202"/>
  <testcase name="GetConsumedStorage" classname="MSNagile.ManageSubscription" time="0.321"/>
  <testcase name="GetPaymentHistory" classname="MSNagile.ManageSubscription" time="0.773"/>
  <testcase name="SubscribePlan" classname="MSNagile.ManageSubscription" time="0.466"/>
  <testcase name="Login" classname="MSNagile.ManageUsersAndGroups" time="0.372"/>
  <testcase name="AssignGroupToUser" classname="MSNagile.ManageUsersAndGroups" time="0.133"/>
  <testcase name="CreateGroup" classname="MSNagile.ManageUsersAndGroups" time="0.446"/>
  <testcase name="DeleteGroup" classname="MSNagile.ManageUsersAndGroups" time="0.225"/>
  <testcase name="GetAllGroups" classname="MSNagile.ManageUsersAndGroups" time="0.249"/>
  <testcase name="GetAllRoles" classname="MSNagile.ManageUsersAndGroups" time="0.164"/>
  <testcase name="GetAllUsers" classname="MSNagile.ManageUsersAndGroups" time="0.195"/>
  <testcase name="GetAllUsersAndDeactivateIfActive" classname="MSNagile.ManageUsersAndGroups" time="0.253"/>
  <testcase name="InviteUser" classname="MSNagile.ManageUsersAndGroups" time="1.427"/>
  <testcase name="UpdateGroup" classname="MSNagile.ManageUsersAndGroups" time="0.128"/>
  <testcase name="Login" classname="MSNagile.SetupConfiguration" time="0.326"/>
  <testcase name="CreateFields" classname="MSNagile.SetupConfiguration" time="0.174"/>
  <testcase name="CreateIssueType" classname="MSNagile.SetupConfiguration" time="0.146"/>
  <testcase name="CreateStatus" classname="MSNagile.SetupConfiguration" time="0.154"/>
  <testcase name="DeleteCustomIssueType" classname="MSNagile.SetupConfiguration" time="0.191">
    <failure message="1 expectation failed.&#10;JSON path message doesn&apos;t match.&#10;Expected: Successfully&#10;  Actual: Incorrect IssueType id&#10;" type="java.lang.AssertionError">java.lang.AssertionError: 
1 expectation failed.
JSON path message doesn't match.
Expected: Successfully
  Actual: Incorrect IssueType id

	at MSNagile.SetupConfiguration.DeleteCustomIssueType(SetupConfiguration.java:185)
</failure>
  </testcase>
  <testcase name="DeleteStatus" classname="MSNagile.SetupConfiguration" time="0.205"/>
  <testcase name="GetAllStatus" classname="MSNagile.SetupConfiguration" time="0.126"/>
  <testcase name="GetOrgFields" classname="MSNagile.SetupConfiguration" time="0.146"/>
  <testcase name="GetOrgTags" classname="MSNagile.SetupConfiguration" time="0.211"/>
  <testcase name="GetSystemIssueType" classname="MSNagile.SetupConfiguration" time="0.146"/>
  <testcase name="GetSystemWorkflows" classname="MSNagile.SetupConfiguration" time="0.335"/>
</testsuite>