<?xml version="1.0" encoding="UTF-8"?>
<testsuite xmlns:xsi="http://www.w3.org/2001/XMLSchema-instance" xsi:noNamespaceSchemaLocation="https://maven.apache.org/surefire/maven-surefire-plugin/xsd/surefire-test-report.xsd" name="TestSuite" time="68.286" tests="130" errors="0" skipped="0" failures="2">
  <properties>
[...]
</properties>
  <testcase name="OtpVerification" classname="APITestCase.Login" time="0.255"/>
  <testcase name="ResetPassword" classname="APITestCase.Login" time="0.151"/>
  <testcase name="LoginWithOtp" classname="APITestCase.Login" time="0.441"/>
  <testcase name="LoginWithPassword" classname="APITestCase.Login" time="0.381"/>
  <testcase name="Logout" classname="APITestCase.Login" time="0.132"/>
  <testcase name="UserProfile" classname="APITestCase.Login" time="0.157"/>
  <testcase name="TestResetPassword" classname="APITestCase.Login" time="0.155"/>
  <testcase name="AddUser" classname="APITestCase.ManageUser" time="0.526"/>
  <testcase name="ExportUser" classname="APITestCase.ManageUser" time="0.92"/>
  <testcase name="GetBranches" classname="APITestCase.ManageUser" time="0.139"/>
  <testcase name="GetUser" classname="APITestCase.ManageUser" time="0.658"/>
  <testcase name="GetVendorCompany" classname="APITestCase.ManageUser" time="0.207"/>
  <testcase name="ResendPassword" classname="APITestCase.ManageUser" time="0.43"/>
  <testcase name="ResetPassword" classname="APITestCase.ManageUser" time="0.142"/>
  <testcase name="RoleList" classname="APITestCase.ManageUser" time="0.187"/>
  <testcase name="UpdateUser" classname="APITestCase.ManageUser" time="0.19">
    <failure message="1 expectation failed.&#10;JSON path message doesn&apos;t match.&#10;Expected: User Updated Successfully&#10;  Actual: Phone number must be a 10-digit number&#10;" type="java.lang.AssertionError">java.lang.AssertionError: 
1 expectation failed.
JSON path message doesn't match.
Expected: User Updated Successfully
  Actual: Phone number must be a 10-digit number

	at APITestCase.ManageUser.UpdateUser(ManageUser.java:99)
</failure>
  </testcase>
  <testcase name="UpdateUserStatus" classname="APITestCase.ManageUser" time="0.179"/>
  <testcase name="UploadUserProfileImage" classname="APITestCase.ManageUser" time="0.311"/>
  <testcase name="UsersCount" classname="APITestCase.ManageUser" time="0.564"/>
  <testcase name="AddLead" classname="APITestCase.ManageLead" time="1.598"/>
  <testcase name="AddLeadActivity" classname="APITestCase.ManageLead" time="0.15"/>
  <testcase name="AddTaskForLead" classname="APITestCase.ManageLead" time="0.191"/>
  <testcase name="CheckLeadNumbers" classname="APITestCase.ManageLead" time="0.13"/>
  <testcase name="DeleteAttachment" classname="APITestCase.ManageLead" time="0.115"/>
  <testcase name="ExportLeads" classname="APITestCase.ManageLead" time="2.551"/>
  <testcase name="GetCity" classname="APITestCase.ManageLead" time="0.12"/>
  <testcase name="GetLeadActivity" classname="APITestCase.ManageLead" time="0.125"/>
  <testcase name="GetLeadDetails" classname="APITestCase.ManageLead" time="0.175"/>
  <testcase name="GetLeadHistory" classname="APITestCase.ManageLead" time="0.209"/>
  <testcase name="GetLeadOwner" classname="APITestCase.ManageLead" time="0.201"/>
  <testcase name="GetLeadStage" classname="APITestCase.ManageLead" time="0.129"/>
  <testcase name="GetLeadTask" classname="APITestCase.ManageLead" time="0.235"/>
  <testcase name="GetLeads" classname="APITestCase.ManageLead" time="2.518"/>
  <testcase name="GetRequirement" classname="APITestCase.ManageLead" time="0.121"/>
  <testcase name="GetStates" classname="APITestCase.ManageLead" time="0.141"/>
  <testcase name="GetTaskByLeadId" classname="APITestCase.ManageLead" time="0.15"/>
  <testcase name="MarkLeadAsStar" classname="APITestCase.ManageLead" time="0.154"/>
  <testcase name="MarkTaskAsCompleted" classname="APITestCase.ManageLead" time="0.174"/>
  <testcase name="RescheduleTask" classname="APITestCase.ManageLead" time="0.22"/>
  <testcase name="UpdateLead" classname="APITestCase.ManageLead" time="0.281"/>
  <testcase name="UploadLeadAttachment" classname="APITestCase.ManageLead" time="0.303"/>
  <testcase name="UpdateLeadStage" classname="APITestCase.ManageLead" time="0.389"/>
  <testcase name="AddInventory" classname="APITestCase.ManageInventory" time="0.253"/>
  <testcase name="DeleteImage" classname="APITestCase.ManageInventory" time="0.104"/>
  <testcase name="GetProductDetails" classname="APITestCase.ManageInventory" time="0.132"/>
  <testcase name="UpdateProduct" classname="APITestCase.ManageInventory" time="0.122"/>
  <testcase name="AddProductImage" classname="APITestCase.ManageInventory" time="0.518"/>
  <testcase name="GetInventory" classname="APITestCase.ManageInventory" time="0.185"/>
  <testcase name="AddLead" classname="APITestCase.ManageQuotation" time="0.212"/>
  <testcase name="AddQuotation" classname="APITestCase.ManageQuotation" time="0.207"/>
  <testcase name="AddShippingAddress" classname="APITestCase.ManageQuotation" time="0.192"/>
  <testcase name="ConvertToOrder" classname="APITestCase.ManageQuotation" time="0.7"/>
  <testcase name="DeleteQuotation" classname="APITestCase.ManageQuotation" time="0.209"/>
  <testcase name="DownloadQuotation" classname="APITestCase.ManageQuotation" time="11.014"/>
  <testcase name="ExportQuotation" classname="APITestCase.ManageQuotation" time="5.454"/>
  <testcase name="GetQuotation" classname="APITestCase.ManageQuotation" time="0.171"/>
  <testcase name="QuotationDetail" classname="APITestCase.ManageQuotation" time="0.204"/>
  <testcase name="UpdateBillingAddress" classname="APITestCase.ManageQuotation" time="0.192"/>
  <testcase name="UpdateQuotation" classname="APITestCase.ManageQuotation" time="0.225"/>
  <testcase name="UpdateShippingAddress" classname="APITestCase.ManageQuotation" time="0.174"/>
  <testcase name="AddBillingAddress" classname="APITestCase.ManageQuotation" time="0.109"/>
  <testcase name="RecheckStock" classname="APITestCase.ManageQuotation" time="1.498"/>
  <testcase name="testChangePassword" classname="APITestCase.ManageProfile" time="0.166"/>
  <testcase name="testGetUserProfile" classname="APITestCase.ManageProfile" time="0.142"/>
  <testcase name="testRemoveProfileImage" classname="APITestCase.ManageProfile" time="0.146"/>
  <testcase name="testUploadProfileImage" classname="APITestCase.ManageProfile" time="0.329"/>
  <testcase name="testUpdateUserProfile" classname="APITestCase.ManageProfile" time="0.159"/>
  <testcase name="RoleList" classname="APITestCase.RolesAndPermissions" time="0.174"/>
  <testcase name="createRole" classname="APITestCase.RolesAndPermissions" time="0.19"/>
  <testcase name="deleteRole" classname="APITestCase.RolesAndPermissions" time="0.223"/>
  <testcase name="editRole" classname="APITestCase.RolesAndPermissions" time="0.18"/>
  <testcase name="getRoles" classname="APITestCase.RolesAndPermissions" time="0.103"/>
  <testcase name="editRoleName" classname="APITestCase.RolesAndPermissions" time="0.202"/>
  <testcase name="getRoleDetail" classname="APITestCase.RolesAndPermissions" time="0.156"/>
  <testcase name="ExportLeadConversionReport" classname="APITestCase.Dashboard" time="0.253"/>
  <testcase name="ExportLeadGenerationSources" classname="APITestCase.Dashboard" time="0.249"/>
  <testcase name="ExportLeadOverDueTask" classname="APITestCase.Dashboard" time="0.244"/>
  <testcase name="ExportNotYetConvertedQuotation" classname="APITestCase.Dashboard" time="0.224"/>
  <testcase name="ExportQuotationAnalytics" classname="APITestCase.Dashboard" time="0.37"/>
  <testcase name="ExportSalesExecutiveQuotationAnalytics" classname="APITestCase.Dashboard" time="0.272"/>
  <testcase name="ExportVendorPoorResponse" classname="APITestCase.Dashboard" time="0.265"/>
  <testcase name="ExportVendorQuickResponse" classname="APITestCase.Dashboard" time="0.251"/>
  <testcase name="ExportVendorStrikeRate" classname="APITestCase.Dashboard" time="0.258"/>
  <testcase name="GetDashboardData" classname="APITestCase.Dashboard" time="0.137"/>
  <testcase name="GetLeadAnalaytics" classname="APITestCase.Dashboard" time="0.127"/>
  <testcase name="GetOverDueTask" classname="APITestCase.Dashboard" time="0.125"/>
  <testcase name="GetQuotationAnalytics" classname="APITestCase.Dashboard" time="0.125"/>
  <testcase name="LeadConversionReport" classname="APITestCase.Dashboard" time="0.138"/>
  <testcase name="StockCheckAnalytics" classname="APITestCase.Dashboard" time="1.24"/>
  <testcase name="ExportInquiry" classname="APITestCase.ManageInquiry" time="0.651"/>
  <testcase name="GetVendorInquiry" classname="APITestCase.ManageInquiry" time="0.16"/>
  <testcase name="UpdateInquiryStatus" classname="APITestCase.ManageInquiry" time="0.228"/>
  <testcase name="ForgotPassword" classname="MSNagile.Login" time="4.642"/>
  <testcase name="Login" classname="MSNagile.Login" time="0.217"/>
  <testcase name="Logout" classname="MSNagile.Login" time="0.129"/>
  <testcase name="Registration" classname="MSNagile.Login" time="4.945"/>
  <testcase name="ResetPassword" classname="MSNagile.Login" time="0.283"/>
  <testcase name="EmailVerification" classname="MSNagile.Login" time="0.129"/>
  <testcase name="GetProfile" classname="MSNagile.Login" time="0.207"/>
  <testcase name="RefreshToken" classname="MSNagile.Login" time="0.16"/>
  <testcase name="Login" classname="MSNagile.ManageOrganization" time="0.215"/>
  <testcase name="GetOrgDetail" classname="MSNagile.ManageOrganization" time="0.11"/>
  <testcase name="GetTaxIdTypes" classname="MSNagile.ManageOrganization" time="0.123"/>
  <testcase name="UpdateOrg" classname="MSNagile.ManageOrganization" time="0.192"/>
  <testcase name="Login" classname="MSNagile.ManageSubscription" time="0.246"/>
  <testcase name="GetActivePlan" classname="MSNagile.ManageSubscription" time="0.13"/>
  <testcase name="GetConsumedStorage" classname="MSNagile.ManageSubscription" time="0.18"/>
  <testcase name="GetPaymentHistory" classname="MSNagile.ManageSubscription" time="0.415"/>
  <testcase name="SubscribePlan" classname="MSNagile.ManageSubscription" time="0.38"/>
  <testcase name="Login" classname="MSNagile.ManageUsersAndGroups" time="0.221"/>
  <testcase name="AssignGroupToUser" classname="MSNagile.ManageUsersAndGroups" time="0.126"/>
  <testcase name="CreateGroup" classname="MSNagile.ManageUsersAndGroups" time="0.432"/>
  <testcase name="DeleteGroup" classname="MSNagile.ManageUsersAndGroups" time="0.119"/>
  <testcase name="GetAllGroups" classname="MSNagile.ManageUsersAndGroups" time="0.15"/>
  <testcase name="GetAllRoles" classname="MSNagile.ManageUsersAndGroups" time="0.106"/>
  <testcase name="GetAllUsers" classname="MSNagile.ManageUsersAndGroups" time="0.37"/>
  <testcase name="GetAllUsersAndDeactivateIfActive" classname="MSNagile.ManageUsersAndGroups" time="0.141"/>
  <testcase name="InviteUser" classname="MSNagile.ManageUsersAndGroups" time="0.405"/>
  <testcase name="UpdateGroup" classname="MSNagile.ManageUsersAndGroups" time="0.121"/>
  <testcase name="Login" classname="MSNagile.SetupConfiguration" time="0.24"/>
  <testcase name="CreateFields" classname="MSNagile.SetupConfiguration" time="0.137"/>
  <testcase name="CreateIssueType" classname="MSNagile.SetupConfiguration" time="0.11"/>
  <testcase name="CreateStatus" classname="MSNagile.SetupConfiguration" time="0.13"/>
  <testcase name="DeleteCustomIssueType" classname="MSNagile.SetupConfiguration" time="0.146">
    <failure message="1 expectation failed.&#10;JSON path message doesn&apos;t match.&#10;Expected: Successfully&#10;  Actual: Incorrect IssueType id&#10;" type="java.lang.AssertionError">java.lang.AssertionError: 
1 expectation failed.
JSON path message doesn't match.
Expected: Successfully
  Actual: Incorrect IssueType id

	at MSNagile.SetupConfiguration.DeleteCustomIssueType(SetupConfiguration.java:185)
</failure>
  </testcase>
  <testcase name="DeleteStatus" classname="MSNagile.SetupConfiguration" time="0.13"/>
  <testcase name="GetAllStatus" classname="MSNagile.SetupConfiguration" time="0.123"/>
  <testcase name="GetOrgFields" classname="MSNagile.SetupConfiguration" time="0.133"/>
  <testcase name="GetOrgTags" classname="MSNagile.SetupConfiguration" time="0.114"/>
  <testcase name="GetSystemIssueType" classname="MSNagile.SetupConfiguration" time="0.146"/>
  <testcase name="GetSystemWorkflows" classname="MSNagile.SetupConfiguration" time="0.224"/>
</testsuite>