<?xml version="1.0" encoding="UTF-8"?>
<!-- Generated by org.testng.reporters.JUnitXMLReporter -->
<testsuite ignored="0" hostname="KTLPT1386" failures="2" tests="131" name="Test" time="63.99" errors="0" timestamp="2024-10-03T11:52:21 IST">
  <testcase classname="APITestCase.Login" name="OtpVerification" time="0.221"/>
  <testcase classname="APITestCase.Login" name="ResetPassword" time="0.145"/>
  <testcase classname="APITestCase.Login" name="LoginWithOtp" time="0.799"/>
  <testcase classname="APITestCase.Login" name="LoginWithPassword" time="0.365"/>
  <testcase classname="APITestCase.Login" name="Logout" time="0.146"/>
  <testcase classname="APITestCase.Login" name="UserProfile" time="0.214"/>
  <testcase classname="APITestCase.Login" name="TestResetPassword" time="0.216"/>
  <testcase classname="APITestCase.ManageUser" name="AddUser" time="0.553"/>
  <testcase classname="APITestCase.ManageUser" name="ExportUser" time="0.708"/>
  <testcase classname="APITestCase.ManageUser" name="GetBranches" time="0.135"/>
  <testcase classname="APITestCase.ManageUser" name="GetUser" time="0.623"/>
  <testcase classname="APITestCase.ManageUser" name="GetVendorCompany" time="0.196"/>
  <testcase classname="APITestCase.ManageUser" name="ResendPassword" time="0.725"/>
  <testcase classname="APITestCase.ManageUser" name="ResetPassword" time="0.25"/>
  <testcase classname="APITestCase.ManageUser" name="RoleList" time="1.2"/>
  <testcase classname="APITestCase.ManageUser" name="UpdateUser" time="0.302"/>
  <testcase classname="APITestCase.ManageUser" name="UpdateUserStatus" time="0.164"/>
  <testcase classname="APITestCase.ManageUser" name="UploadUserProfileImage" time="0.312"/>
  <testcase classname="APITestCase.ManageUser" name="UsersCount" time="0.619"/>
  <testcase classname="APITestCase.ManageLead" name="AddLead" time="0.488">
    <failure type="java.lang.NullPointerException" message="Cannot invoke &amp;quot;java.lang.Integer.intValue()&amp;quot; because the return value of &amp;quot;io.restassured.path.json.JsonPath.get(String)&amp;quot; is null">
      <![CDATA[java.lang.NullPointerException: Cannot invoke "java.lang.Integer.intValue()" because the return value of "io.restassured.path.json.JsonPath.get(String)" is null
at APITestCase.ManageLead.AddLead(ManageLead.java:101)
at java.base/java.util.ArrayList.forEach(ArrayList.java:1511)
... Removed 31 stack frames]]>
    </failure>
  </testcase> <!-- AddLead -->
  <testcase classname="APITestCase.ManageLead" name="AddLeadActivity" time="1.271"/>
  <testcase classname="APITestCase.ManageLead" name="AddTaskForLead" time="0.175"/>
  <testcase classname="APITestCase.ManageLead" name="CheckLeadNumbers" time="0.179"/>
  <testcase classname="APITestCase.ManageLead" name="DeleteAttachment" time="0.135"/>
  <testcase classname="APITestCase.ManageLead" name="ExportLeads" time="2.601"/>
  <testcase classname="APITestCase.ManageLead" name="GetCity" time="0.109"/>
  <testcase classname="APITestCase.ManageLead" name="GetLeadActivity" time="0.111"/>
  <testcase classname="APITestCase.ManageLead" name="GetLeadDetails" time="0.141"/>
  <testcase classname="APITestCase.ManageLead" name="GetLeadHistory" time="0.159"/>
  <testcase classname="APITestCase.ManageLead" name="GetLeadOwner" time="0.178"/>
  <testcase classname="APITestCase.ManageLead" name="GetLeadStage" time="0.125"/>
  <testcase classname="APITestCase.ManageLead" name="GetLeadTask" time="0.174"/>
  <testcase classname="APITestCase.ManageLead" name="GetRequirement" time="0.118"/>
  <testcase classname="APITestCase.ManageLead" name="GetStates" time="0.113"/>
  <testcase classname="APITestCase.ManageLead" name="GetTaskByLeadId" time="0.129"/>
  <testcase classname="APITestCase.ManageLead" name="MarkLeadAsStar" time="0.224"/>
  <testcase classname="APITestCase.ManageLead" name="MarkTaskAsCompleted" time="0.133"/>
  <testcase classname="APITestCase.ManageLead" name="RescheduleTask" time="0.336"/>
  <testcase classname="APITestCase.ManageLead" name="UpdateLead" time="1.309"/>
  <testcase classname="APITestCase.ManageLead" name="UploadLeadAttachment" time="0.346"/>
  <testcase classname="APITestCase.ManageLead" name="addUserAndVerifyInGetAllLeads" time="2.705"/>
  <testcase classname="APITestCase.ManageLead" name="GetLeads" time="0.0">
    <skipped/>
  </testcase> <!-- GetLeads -->
  <testcase classname="APITestCase.ManageLead" name="UpdateLeadStage" time="0.0">
    <skipped/>
  </testcase> <!-- UpdateLeadStage -->
  <testcase classname="APITestCase.ManageInventory" name="AddInventory" time="0.215"/>
  <testcase classname="APITestCase.ManageInventory" name="DeleteImage" time="0.13"/>
  <testcase classname="APITestCase.ManageInventory" name="GetProductDetails" time="0.121"/>
  <testcase classname="APITestCase.ManageInventory" name="UpdateProduct" time="0.128"/>
  <testcase classname="APITestCase.ManageInventory" name="AddProductImage" time="0.476"/>
  <testcase classname="APITestCase.ManageInventory" name="GetInventory" time="0.224"/>
  <testcase classname="APITestCase.ManageQuotation" name="AddLead" time="0.173"/>
  <testcase classname="APITestCase.ManageQuotation" name="AddQuotation" time="0.223"/>
  <testcase classname="APITestCase.ManageQuotation" name="AddShippingAddress" time="0.18"/>
  <testcase classname="APITestCase.ManageQuotation" name="ConvertToOrder" time="0.704"/>
  <testcase classname="APITestCase.ManageQuotation" name="DeleteQuotation" time="0.141"/>
  <testcase classname="APITestCase.ManageQuotation" name="DownloadQuotation" time="3.166"/>
  <testcase classname="APITestCase.ManageQuotation" name="ExportQuotation" time="0.265"/>
  <testcase classname="APITestCase.ManageQuotation" name="GetQuotation" time="0.167"/>
  <testcase classname="APITestCase.ManageQuotation" name="QuotationDetail" time="0.141"/>
  <testcase classname="APITestCase.ManageQuotation" name="UpdateBillingAddress" time="0.198"/>
  <testcase classname="APITestCase.ManageQuotation" name="UpdateQuotation" time="0.186"/>
  <testcase classname="APITestCase.ManageQuotation" name="UpdateShippingAddress" time="0.171"/>
  <testcase classname="APITestCase.ManageQuotation" name="AddBillingAddress" time="0.108"/>
  <testcase classname="APITestCase.ManageQuotation" name="RecheckStock" time="2.769"/>
  <testcase classname="APITestCase.ManageProfile" name="testChangePassword" time="0.193"/>
  <testcase classname="APITestCase.ManageProfile" name="testGetUserProfile" time="0.159"/>
  <testcase classname="APITestCase.ManageProfile" name="testRemoveProfileImage" time="0.147"/>
  <testcase classname="APITestCase.ManageProfile" name="testUploadProfileImage" time="0.243"/>
  <testcase classname="APITestCase.ManageProfile" name="testUpdateUserProfile" time="0.184"/>
  <testcase classname="APITestCase.RolesAndPermissions" name="RoleList" time="0.173"/>
  <testcase classname="APITestCase.RolesAndPermissions" name="createRole" time="0.169"/>
  <testcase classname="APITestCase.RolesAndPermissions" name="deleteRole" time="0.125"/>
  <testcase classname="APITestCase.RolesAndPermissions" name="editRole" time="0.178"/>
  <testcase classname="APITestCase.RolesAndPermissions" name="getRoles" time="0.131"/>
  <testcase classname="APITestCase.RolesAndPermissions" name="editRoleName" time="0.161"/>
  <testcase classname="APITestCase.RolesAndPermissions" name="getRoleDetail" time="0.145"/>
  <testcase classname="APITestCase.Dashboard" name="ExportLeadConversionReport" time="0.258"/>
  <testcase classname="APITestCase.Dashboard" name="ExportLeadGenerationSources" time="0.274"/>
  <testcase classname="APITestCase.Dashboard" name="ExportLeadOverDueTask" time="0.24"/>
  <testcase classname="APITestCase.Dashboard" name="ExportNotYetConvertedQuotation" time="0.238"/>
  <testcase classname="APITestCase.Dashboard" name="ExportQuotationAnalytics" time="0.255"/>
  <testcase classname="APITestCase.Dashboard" name="ExportSalesExecutiveQuotationAnalytics" time="0.248"/>
  <testcase classname="APITestCase.Dashboard" name="ExportVendorPoorResponse" time="0.265"/>
  <testcase classname="APITestCase.Dashboard" name="ExportVendorQuickResponse" time="0.251"/>
  <testcase classname="APITestCase.Dashboard" name="ExportVendorStrikeRate" time="0.353"/>
  <testcase classname="APITestCase.Dashboard" name="GetDashboardData" time="0.142"/>
  <testcase classname="APITestCase.Dashboard" name="GetLeadAnalaytics" time="0.139"/>
  <testcase classname="APITestCase.Dashboard" name="GetOverDueTask" time="0.127"/>
  <testcase classname="APITestCase.Dashboard" name="GetQuotationAnalytics" time="0.128"/>
  <testcase classname="APITestCase.Dashboard" name="LeadConversionReport" time="0.136"/>
  <testcase classname="APITestCase.Dashboard" name="StockCheckAnalytics" time="0.169"/>
  <testcase classname="APITestCase.ManageInquiry" name="ExportInquiry" time="0.277"/>
  <testcase classname="APITestCase.ManageInquiry" name="GetVendorInquiry" time="0.133"/>
  <testcase classname="APITestCase.ManageInquiry" name="UpdateInquiryStatus" time="0.25"/>
  <testcase classname="MSNagile.Login" name="ForgotPassword" time="4.925"/>
  <testcase classname="MSNagile.Login" name="Login" time="0.585"/>
  <testcase classname="MSNagile.Login" name="Logout" time="0.179"/>
  <testcase classname="MSNagile.Login" name="Registration" time="8.567"/>
  <testcase classname="MSNagile.Login" name="ResetPassword" time="0.142"/>
  <testcase classname="MSNagile.Login" name="EmailVerification" time="0.148"/>
  <testcase classname="MSNagile.Login" name="GetProfile" time="0.261"/>
  <testcase classname="MSNagile.Login" name="RefreshToken" time="0.165"/>
  <testcase classname="MSNagile.ManageOrganization" name="Login" time="0.29"/>
  <testcase classname="MSNagile.ManageOrganization" name="GetOrgDetail" time="0.232"/>
  <testcase classname="MSNagile.ManageOrganization" name="GetTaxIdTypes" time="0.16"/>
  <testcase classname="MSNagile.ManageOrganization" name="UpdateOrg" time="0.308"/>
  <testcase classname="MSNagile.ManageSubscription" name="Login" time="0.323"/>
  <testcase classname="MSNagile.ManageSubscription" name="GetActivePlan" time="0.202"/>
  <testcase classname="MSNagile.ManageSubscription" name="GetConsumedStorage" time="0.322"/>
  <testcase classname="MSNagile.ManageSubscription" name="GetPaymentHistory" time="0.774"/>
  <testcase classname="MSNagile.ManageSubscription" name="SubscribePlan" time="0.466"/>
  <testcase classname="MSNagile.ManageUsersAndGroups" name="Login" time="0.372"/>
  <testcase classname="MSNagile.ManageUsersAndGroups" name="AssignGroupToUser" time="0.132"/>
  <testcase classname="MSNagile.ManageUsersAndGroups" name="CreateGroup" time="0.446"/>
  <testcase classname="MSNagile.ManageUsersAndGroups" name="DeleteGroup" time="0.225"/>
  <testcase classname="MSNagile.ManageUsersAndGroups" name="GetAllGroups" time="0.25"/>
  <testcase classname="MSNagile.ManageUsersAndGroups" name="GetAllRoles" time="0.164"/>
  <testcase classname="MSNagile.ManageUsersAndGroups" name="GetAllUsers" time="0.194"/>
  <testcase classname="MSNagile.ManageUsersAndGroups" name="GetAllUsersAndDeactivateIfActive" time="0.254"/>
  <testcase classname="MSNagile.ManageUsersAndGroups" name="InviteUser" time="1.427"/>
  <testcase classname="MSNagile.ManageUsersAndGroups" name="UpdateGroup" time="0.128"/>
  <testcase classname="MSNagile.SetupConfiguration" name="Login" time="0.326"/>
  <testcase classname="MSNagile.SetupConfiguration" name="CreateFields" time="0.174"/>
  <testcase classname="MSNagile.SetupConfiguration" name="CreateIssueType" time="0.145"/>
  <testcase classname="MSNagile.SetupConfiguration" name="CreateStatus" time="0.154"/>
  <testcase classname="MSNagile.SetupConfiguration" name="DeleteCustomIssueType" time="0.191">
    <failure type="java.lang.AssertionError" message="1 expectation failed.
JSON path message doesn&amp;apos;t match.
Expected: Successfully
  Actual: Incorrect IssueType id
">
      <![CDATA[java.lang.AssertionError: 1 expectation failed.
JSON path message doesn't match.
Expected: Successfully
  Actual: Incorrect IssueType id

at org.codehaus.groovy.runtime.callsite.ConstructorSite$ConstructorSiteNoUnwrapNoCoerce.callConstructor(ConstructorSite.java:108)
at org.codehaus.groovy.runtime.callsite.CallSiteArray.defaultCallConstructor(CallSiteArray.java:57)
at org.codehaus.groovy.runtime.callsite.AbstractCallSite.callConstructor(AbstractCallSite.java:263)
at org.codehaus.groovy.runtime.callsite.AbstractCallSite.callConstructor(AbstractCallSite.java:277)
at io.restassured.internal.ResponseSpecificationImpl$HamcrestAssertionClosure.validate(ResponseSpecificationImpl.groovy:512)
at io.restassured.internal.ResponseSpecificationImpl$HamcrestAssertionClosure$validate$1.call(Unknown Source)
at io.restassured.internal.ResponseSpecificationImpl.validateResponseIfRequired(ResponseSpecificationImpl.groovy:696)
at io.restassured.internal.ResponseSpecificationImpl.this$2$validateResponseIfRequired(ResponseSpecificationImpl.groovy)
at org.codehaus.groovy.runtime.callsite.PlainObjectMetaMethodSite.doInvoke(PlainObjectMetaMethodSite.java:43)
at org.codehaus.groovy.runtime.callsite.PogoMetaMethodSite$PogoCachedMethodSiteNoUnwrapNoCoerce.invoke(PogoMetaMethodSite.java:198)
at org.codehaus.groovy.runtime.callsite.PogoMetaMethodSite.callCurrent(PogoMetaMethodSite.java:62)
at org.codehaus.groovy.runtime.callsite.AbstractCallSite.callCurrent(AbstractCallSite.java:185)
at io.restassured.internal.ResponseSpecificationImpl.body(ResponseSpecificationImpl.groovy:270)
at io.restassured.specification.ResponseSpecification$body$1.callCurrent(Unknown Source)
at io.restassured.internal.ResponseSpecificationImpl.body(ResponseSpecificationImpl.groovy:117)
at io.restassured.internal.ValidatableResponseOptionsImpl.body(ValidatableResponseOptionsImpl.java:244)
at MSNagile.SetupConfiguration.DeleteCustomIssueType(SetupConfiguration.java:185)
at java.base/java.util.ArrayList.forEach(ArrayList.java:1511)
... Removed 40 stack frames]]>
    </failure>
  </testcase> <!-- DeleteCustomIssueType -->
  <testcase classname="MSNagile.SetupConfiguration" name="DeleteStatus" time="0.204"/>
  <testcase classname="MSNagile.SetupConfiguration" name="GetAllStatus" time="0.126"/>
  <testcase classname="MSNagile.SetupConfiguration" name="GetOrgFields" time="0.146"/>
  <testcase classname="MSNagile.SetupConfiguration" name="GetOrgTags" time="0.21"/>
  <testcase classname="MSNagile.SetupConfiguration" name="GetSystemIssueType" time="0.146"/>
  <testcase classname="MSNagile.SetupConfiguration" name="GetSystemWorkflows" time="0.334"/>
</testsuite> <!-- Test -->
