<?xml version="1.0" encoding="UTF-8"?>
<!-- Generated by org.testng.reporters.JUnitXMLReporter -->
<testsuite ignored="23" hostname="KTLPT1386" failures="0" tests="1" name="Default test" time="7.226" errors="0" timestamp="2024-10-03T12:12:27 IST">
  <testcase classname="APITestCase.ManageLead" name="addUserAndVerifyInGetAllLeads" time="4.353"/>
  <testcase classname="APITestCase.ManageLead" name="GetLeadHistory" time="0.0">
    <ignored/>
  </testcase> <!-- GetLeadHistory -->
  <testcase classname="APITestCase.ManageLead" name="UploadLeadAttachment" time="0.0">
    <ignored/>
  </testcase> <!-- UploadLeadAttachment -->
  <testcase classname="APITestCase.ManageLead" name="MarkLeadAsStar" time="0.0">
    <ignored/>
  </testcase> <!-- MarkLeadAsStar -->
  <testcase classname="APITestCase.ManageLead" name="UpdateLead" time="0.0">
    <ignored/>
  </testcase> <!-- UpdateLead -->
  <testcase classname="APITestCase.ManageLead" name="GetStates" time="0.0">
    <ignored/>
  </testcase> <!-- GetStates -->
  <testcase classname="APITestCase.ManageLead" name="RescheduleTask" time="0.0">
    <ignored/>
  </testcase> <!-- RescheduleTask -->
  <testcase classname="APITestCase.ManageLead" name="MarkTaskAsCompleted" time="0.0">
    <ignored/>
  </testcase> <!-- MarkTaskAsCompleted -->
  <testcase classname="APITestCase.ManageLead" name="GetRequirement" time="0.0">
    <ignored/>
  </testcase> <!-- GetRequirement -->
  <testcase classname="APITestCase.ManageLead" name="GetLeadActivity" time="0.0">
    <ignored/>
  </testcase> <!-- GetLeadActivity -->
  <testcase classname="APITestCase.ManageLead" name="ExportLeads" time="0.0">
    <ignored/>
  </testcase> <!-- ExportLeads -->
  <testcase classname="APITestCase.ManageLead" name="AddLead" time="0.0">
    <ignored/>
  </testcase> <!-- AddLead -->
  <testcase classname="APITestCase.ManageLead" name="GetLeadOwner" time="0.0">
    <ignored/>
  </testcase> <!-- GetLeadOwner -->
  <testcase classname="APITestCase.ManageLead" name="AddTaskForLead" time="0.0">
    <ignored/>
  </testcase> <!-- AddTaskForLead -->
  <testcase classname="APITestCase.ManageLead" name="CheckLeadNumbers" time="0.0">
    <ignored/>
  </testcase> <!-- CheckLeadNumbers -->
  <testcase classname="APITestCase.ManageLead" name="AddLeadActivity" time="0.0">
    <ignored/>
  </testcase> <!-- AddLeadActivity -->
  <testcase classname="APITestCase.ManageLead" name="GetLeads" time="0.0">
    <ignored/>
  </testcase> <!-- GetLeads -->
  <testcase classname="APITestCase.ManageLead" name="GetTaskByLeadId" time="0.0">
    <ignored/>
  </testcase> <!-- GetTaskByLeadId -->
  <testcase classname="APITestCase.ManageLead" name="GetLeadStage" time="0.0">
    <ignored/>
  </testcase> <!-- GetLeadStage -->
  <testcase classname="APITestCase.ManageLead" name="DeleteAttachment" time="0.0">
    <ignored/>
  </testcase> <!-- DeleteAttachment -->
  <testcase classname="APITestCase.ManageLead" name="GetCity" time="0.0">
    <ignored/>
  </testcase> <!-- GetCity -->
  <testcase classname="APITestCase.ManageLead" name="GetLeadTask" time="0.0">
    <ignored/>
  </testcase> <!-- GetLeadTask -->
  <testcase classname="APITestCase.ManageLead" name="GetLeadDetails" time="0.0">
    <ignored/>
  </testcase> <!-- GetLeadDetails -->
  <testcase classname="APITestCase.ManageLead" name="UpdateLeadStage" time="0.0">
    <ignored/>
  </testcase> <!-- UpdateLeadStage -->
</testsuite> <!-- Default test -->
